<?xml version="1.0" encoding="UTF-8"?>
<!-- Generated by org.testng.reporters.JUnitReportReporter -->
<testsuite skipped="0" hostname="Nayons-MacBook-Air.local" name="hw10Q2selenium.F_use_of_isSelectable_method" tests="1" failures="0" timestamp="2021-09-09T20:24:15 EDT" time="21.466" errors="0">
  <testcase name="navigateMethod" time="21.466" classname="hw10Q2selenium.F_use_of_isSelectable_method"/>
  <system-out/>
</testsuite> <!-- hw10Q2selenium.F_use_of_isSelectable_method -->
