<?xml version="1.0" encoding="UTF-8"?>
<!-- Generated by org.testng.reporters.JUnitReportReporter -->
<testsuite skipped="0" hostname="Nayons-MacBook-Air.local" name="lec32_selenium_javascript.P_use_of_select_by_visible_text_action" tests="1" failures="0" timestamp="2021-09-17T02:23:57 EDT" time="18.536" errors="0">
  <testcase name="SelectByTheVisibletext" time="18.536" classname="lec32_selenium_javascript.P_use_of_select_by_visible_text_action"/>
  <system-out/>
</testsuite> <!-- lec32_selenium_javascript.P_use_of_select_by_visible_text_action -->
