<?xml version="1.0" encoding="UTF-8"?>
<!-- Generated by org.testng.reporters.JUnitReportReporter -->
<testsuite skipped="0" hostname="Nayons-MacBook-Air.local" name="hw10Q2selenium.C_use_of_click_method" tests="1" failures="0" timestamp="2021-09-09T13:04:22 EDT" time="8.328" errors="0">
  <testcase name="clickSearchButton" time="8.328" classname="hw10Q2selenium.C_use_of_click_method"/>
  <system-out/>
</testsuite> <!-- hw10Q2selenium.C_use_of_click_method -->
