<?xml version="1.0" encoding="UTF-8"?>
<!-- Generated by org.testng.reporters.JUnitReportReporter -->
<testsuite skipped="0" hostname="Nayons-MacBook-Air.local" name="hw11Q2selenium.I_use_of_find_by_index_method" tests="1" failures="0" timestamp="2021-09-17T02:06:06 EDT" time="13.661" errors="0">
  <testcase name="selectByIndexTest" time="13.661" classname="hw11Q2selenium.I_use_of_find_by_index_method"/>
  <system-out/>
</testsuite> <!-- hw11Q2selenium.I_use_of_find_by_index_method -->
