<?xml version="1.0" encoding="UTF-8"?>
<!-- Generated by org.testng.reporters.JUnitReportReporter -->
<testsuite skipped="0" hostname="Nayons-MacBook-Air.local" name="hw12Q2selenium.J_page_Load_Timeout" tests="1" failures="0" timestamp="2021-10-14T16:46:27 EDT" time="2.279" errors="0">
  <testcase name="pageTimeOutMethod" time="2.279" classname="hw12Q2selenium.J_page_Load_Timeout"/>
  <system-out/>
</testsuite> <!-- hw12Q2selenium.J_page_Load_Timeout -->
