<?xml version="1.0" encoding="UTF-8"?>
<!-- Generated by org.testng.reporters.JUnitReportReporter -->
<testsuite skipped="0" hostname="Nayons-MacBook-Air.local" name="lec41_selenium_javascript.copy.N_Prectice_class" tests="1" failures="0" timestamp="2021-09-30T20:45:09 EDT" time="8.258" errors="0">
  <testcase name="fullscreenWindow" time="8.258" classname="lec41_selenium_javascript.copy.N_Prectice_class"/>
  <system-out/>
</testsuite> <!-- lec41_selenium_javascript.copy.N_Prectice_class -->
