<?xml version="1.0" encoding="UTF-8"?>
<!-- Generated by org.testng.reporters.JUnitReportReporter -->
<testsuite skipped="1" hostname="Nayons-MacBook-Air.local" name="hw12Q2selenium.D_use_of_isDisplayed_method" tests="2" failures="0" timestamp="2021-10-13T15:27:18 EDT" time="5.103" errors="0">
  <testcase name="isDisplayedMethod" time="5.103" classname="hw12Q2selenium.D_use_of_isDisplayed_method"/>
  <system-out/>
  <testcase name="clickSearchButton" classname="hw12Q2selenium.D_use_of_isDisplayed_method">
    <skipped/>
  </testcase> <!-- clickSearchButton -->
  <system-out/>
</testsuite> <!-- hw12Q2selenium.D_use_of_isDisplayed_method -->
