<?xml version="1.0" encoding="UTF-8"?>
<!-- Generated by org.testng.reporters.JUnitReportReporter -->
<testsuite skipped="0" hostname="Nayons-MacBook-Air.local" name="finacjing_selenium.A_wellcare_com" tests="1" failures="0" timestamp="2021-10-10T22:45:35 EDT" time="19.801" errors="0">
  <testcase name="loginTest" time="19.801" classname="finacjing_selenium.A_wellcare_com"/>
  <system-out/>
</testsuite> <!-- finacjing_selenium.A_wellcare_com -->
