<?xml version="1.0" encoding="UTF-8"?>
<!-- Generated by org.testng.reporters.JUnitReportReporter -->
<testsuite skipped="0" hostname="Nayons-MacBook-Air.local" name="finacjing_selenium.A_leason01" tests="1" failures="0" timestamp="2021-09-06T01:43:55 EDT" time="19.719" errors="0">
  <testcase name="loginTest" time="19.719" classname="finacjing_selenium.A_leason01"/>
  <system-out/>
</testsuite> <!-- finacjing_selenium.A_leason01 -->
