<?xml version="1.0" encoding="UTF-8"?>
<!-- Generated by org.testng.reporters.JUnitReportReporter -->
<testsuite skipped="0" hostname="Nayons-MacBook-Air.local" name="lec41_selenium_javascript.copy.B04_use_of_mouse_hover_over_getText" tests="2" failures="0" timestamp="2021-09-30T20:52:03 EDT" time="12.178" errors="0">
  <testcase name="whyGithubButton" time="11.790" classname="lec41_selenium_javascript.copy.B04_use_of_mouse_hover_over_getText"/>
  <system-out/>
  <testcase name="getTextTest" time="0.388" classname="lec41_selenium_javascript.copy.B04_use_of_mouse_hover_over_getText"/>
  <system-out/>
</testsuite> <!-- lec41_selenium_javascript.copy.B04_use_of_mouse_hover_over_getText -->
