<?xml version="1.0" encoding="UTF-8"?>
<!-- Generated by org.testng.reporters.JUnitReportReporter -->
<testsuite skipped="0" hostname="Nayons-MacBook-Air.local" name="hw11Q2selenium.I_use_of_enter_and_clear_method2" tests="1" failures="0" timestamp="2021-09-17T01:57:35 EDT" time="13.756" errors="0">
  <testcase name="sendMethod" time="13.756" classname="hw11Q2selenium.I_use_of_enter_and_clear_method2"/>
  <system-out/>
</testsuite> <!-- hw11Q2selenium.I_use_of_enter_and_clear_method2 -->
