<?xml version="1.0" encoding="UTF-8"?>
<!-- Generated by org.testng.reporters.JUnitReportReporter -->
<testsuite skipped="1" hostname="Nayons-MacBook-Air.local" name="hw10Q2selenium.D_use_of_isDisplayed_method" tests="2" failures="0" timestamp="2021-09-09T15:02:20 EDT" time="4.533" errors="0">
  <testcase name="isDisplayedMethod" time="4.533" classname="hw10Q2selenium.D_use_of_isDisplayed_method"/>
  <system-out/>
  <testcase name="clickSearchButton" classname="hw10Q2selenium.D_use_of_isDisplayed_method">
    <skipped/>
  </testcase> <!-- clickSearchButton -->
  <system-out/>
</testsuite> <!-- hw10Q2selenium.D_use_of_isDisplayed_method -->
