<?xml version="1.0" encoding="UTF-8"?>
<!-- Generated by org.testng.reporters.JUnitReportReporter -->
<testsuite skipped="0" hostname="Nayons-MacBook-Air.local" name="hw12Q2selenium.K_page_Load_Timeout_and_scriptTimeOut" tests="2" failures="0" timestamp="2021-10-14T16:54:52 EDT" time="13.389" errors="0">
  <testcase name="pageTimeOutMethod" time="4.730" classname="hw12Q2selenium.K_page_Load_Timeout_and_scriptTimeOut"/>
  <system-out/>
  <testcase name="setScriptTimeOut" time="8.659" classname="hw12Q2selenium.K_page_Load_Timeout_and_scriptTimeOut"/>
  <system-out/>
</testsuite> <!-- hw12Q2selenium.K_page_Load_Timeout_and_scriptTimeOut -->
