<?xml version="1.0" encoding="UTF-8"?>
<!-- Generated by org.testng.reporters.JUnitReportReporter -->
<testsuite skipped="0" hostname="Nayons-MacBook-Air.local" name="lec32_selenium_javascript.N_Prectice_class" tests="1" failures="0" timestamp="2021-09-15T21:30:22 EDT" time="3.709" errors="0">
  <testcase name="fullscreenWindow" time="3.709" classname="lec32_selenium_javascript.N_Prectice_class"/>
  <system-out/>
</testsuite> <!-- lec32_selenium_javascript.N_Prectice_class -->
