<?xml version="1.0" encoding="UTF-8"?>
<!-- Generated by org.testng.reporters.JUnitReportReporter -->
<testsuite skipped="0" hostname="Nayons-MacBook-Air.local" name="lec32_selenium_javascript.K_use_of_sendkeys_method_and_click_enter_button" tests="2" failures="0" timestamp="2021-09-07T21:25:34 EDT" time="14.160" errors="0">
  <testcase name="useClickAndSearch" time="11.499" classname="lec32_selenium_javascript.K_use_of_sendkeys_method_and_click_enter_button"/>
  <system-out/>
  <testcase name="useSearchAndEnter" time="2.661" classname="lec32_selenium_javascript.K_use_of_sendkeys_method_and_click_enter_button"/>
  <system-out/>
</testsuite> <!-- lec32_selenium_javascript.K_use_of_sendkeys_method_and_click_enter_button -->
