<?xml version="1.0" encoding="UTF-8"?>
<!-- Generated by org.testng.reporters.JUnitReportReporter -->
<testsuite skipped="0" hostname="Nayons-MacBook-Air.local" name="lec32_selenium_javascript.L_use_of_mouse_hover_over_action" tests="1" failures="0" timestamp="2021-09-07T22:16:41 EDT" time="11.216" errors="0">
  <testcase name="whyGithubButton" time="11.216" classname="lec32_selenium_javascript.L_use_of_mouse_hover_over_action"/>
  <system-out/>
</testsuite> <!-- lec32_selenium_javascript.L_use_of_mouse_hover_over_action -->
