<?xml version="1.0" encoding="UTF-8"?>
<!-- Generated by org.testng.reporters.JUnitReportReporter -->
<testsuite skipped="0" hostname="Nayons-MacBook-Air.local" name="hw12Q2selenium.G_use_of_isSelecteable_method" tests="1" failures="0" timestamp="2021-10-13T15:56:55 EDT" time="9.490" errors="0">
  <testcase name="saveOnlineIDButton" time="9.490" classname="hw12Q2selenium.G_use_of_isSelecteable_method"/>
  <system-out/>
</testsuite> <!-- hw12Q2selenium.G_use_of_isSelecteable_method -->
