<?xml version="1.0" encoding="UTF-8"?>
<!-- Generated by org.testng.reporters.JUnitReportReporter -->
<testsuite skipped="0" hostname="Nayons-MacBook-Air.local" name="hw11Q2selenium.H_use_of_send_method" tests="1" failures="0" timestamp="2021-09-17T01:38:42 EDT" time="11.654" errors="0">
  <testcase name="sendMethod" time="11.654" classname="hw11Q2selenium.H_use_of_send_method"/>
  <system-out/>
</testsuite> <!-- hw11Q2selenium.H_use_of_send_method -->
