<?xml version="1.0" encoding="UTF-8"?>
<!-- Generated by org.testng.reporters.JUnitReportReporter -->
<testsuite skipped="0" hostname="Nayons-MacBook-Air.local" name="lec32_selenium_javascript.M_use_of_manage_by_driver" tests="1" failures="0" timestamp="2021-09-07T22:55:05 EDT" time="6.420" errors="0">
  <testcase name="setASpecificSizeOfWindow" time="6.420" classname="lec32_selenium_javascript.M_use_of_manage_by_driver"/>
  <system-out/>
</testsuite> <!-- lec32_selenium_javascript.M_use_of_manage_by_driver -->
