<?xml version="1.0" encoding="UTF-8"?>
<!-- Generated by org.testng.reporters.JUnitReportReporter -->
<testsuite skipped="0" hostname="Nayons-MacBook-Air.local" name="lec29_Selenium.B_use_of_get_and_click_button" tests="1" failures="0" timestamp="2021-09-05T22:28:51 EDT" time="0.894" errors="0">
  <testcase name="loginButtonTest" time="0.894" classname="lec29_Selenium.B_use_of_get_and_click_button"/>
  <system-out/>
</testsuite> <!-- lec29_Selenium.B_use_of_get_and_click_button -->
