<?xml version="1.0" encoding="UTF-8"?>
<!-- Generated by org.testng.reporters.JUnitReportReporter -->
<testsuite skipped="0" hostname="Nayons-MacBook-Air.local" name="lec29_Selenium.C_use_of_click_method_by_Diffrent_locator" tests="1" failures="0" timestamp="2021-09-05T22:37:55 EDT" time="0.936" errors="0">
  <testcase name="loginButtonTest" time="0.936" classname="lec29_Selenium.C_use_of_click_method_by_Diffrent_locator"/>
  <system-out/>
</testsuite> <!-- lec29_Selenium.C_use_of_click_method_by_Diffrent_locator -->
