<?xml version="1.0" encoding="UTF-8"?>
<!-- Generated by org.testng.reporters.JUnitReportReporter -->
<testsuite skipped="0" hostname="Nayons-MacBook-Air.local" name="hw10Q2selenium.H_use_of_send_method" tests="1" failures="0" timestamp="2021-09-09T20:43:42 EDT" time="13.378" errors="0">
  <testcase name="sendMethod" time="13.378" classname="hw10Q2selenium.H_use_of_send_method"/>
  <system-out/>
</testsuite> <!-- hw10Q2selenium.H_use_of_send_method -->
